[debug] [2024-09-12T07:24:32.029Z] ----------------------------------------------------------------------
[debug] [2024-09-12T07:24:32.032Z] Command:       C:\Program Files\nodejs\node.exe C:\Users\sanke\AppData\Roaming\npm\node_modules\firebase-tools\lib\bin\firebase.js init hosting
[debug] [2024-09-12T07:24:32.033Z] CLI Version:   13.17.0
[debug] [2024-09-12T07:24:32.033Z] Platform:      win32
[debug] [2024-09-12T07:24:32.033Z] Node Version:  v20.11.0
[debug] [2024-09-12T07:24:32.033Z] Time:          Thu Sep 12 2024 12:54:32 GMT+0530 (India Standard Time)
[debug] [2024-09-12T07:24:32.033Z] ----------------------------------------------------------------------
[debug] 
[debug] [2024-09-12T07:24:32.098Z] > command requires scopes: ["email","openid","https://www.googleapis.com/auth/cloudplatformprojects.readonly","https://www.googleapis.com/auth/firebase","https://www.googleapis.com/auth/cloud-platform"]
[debug] [2024-09-12T07:24:32.098Z] > authorizing via signed-in user (sanketrathod7420@gmail.com)
[info] 
     ######## #### ########  ######## ########     ###     ######  ########
     ##        ##  ##     ## ##       ##     ##  ##   ##  ##       ##
     ######    ##  ########  ######   ########  #########  ######  ######
     ##        ##  ##    ##  ##       ##     ## ##     ##       ## ##
     ##       #### ##     ## ######## ########  ##     ##  ######  ########

You're about to initialize a Firebase project in this directory:

  D:\Projects\Working on Projects\shopping-time-main

Before we get started, keep in mind:

  * You are initializing within an existing Firebase project directory

[info] 
=== Project Setup
[info] 
[info] First, let's associate this project directory with a Firebase project.
[info] You can create multiple project aliases by running firebase use --add, 
[info] but for now we'll just set up a default project.
[info] 
[debug] [2024-09-12T07:24:46.969Z] Using project from CLI flag: ecomvortex-51c63
[debug] [2024-09-12T07:24:46.972Z] >>> [apiv2][query] GET https://firebase.googleapis.com/v1beta1/projects/ecomvortex-51c63 [none]
[debug] [2024-09-12T07:24:47.510Z] <<< [apiv2][status] GET https://firebase.googleapis.com/v1beta1/projects/ecomvortex-51c63 200
[debug] [2024-09-12T07:24:47.511Z] <<< [apiv2][body] GET https://firebase.googleapis.com/v1beta1/projects/ecomvortex-51c63 {"projectId":"ecomvortex-51c63","projectNumber":"574934280032","displayName":"ecomvortex","name":"projects/ecomvortex-51c63","resources":{"hostingSite":"ecomvortex-51c63","realtimeDatabaseInstance":"ecomvortex-51c63-default-rtdb"},"state":"ACTIVE","etag":"1_b42f47e5-2f07-40a5-b2df-2fb0a54bd6be"}
[info] i  Using project ecomvortex-51c63 (ecomvortex) 
[info] 
=== Hosting Setup
[debug] [2024-09-12T07:24:47.517Z] >>> [apiv2][query] GET https://firebase.googleapis.com/v1beta1/projects/ecomvortex-51c63 [none]
[debug] [2024-09-12T07:24:47.873Z] <<< [apiv2][status] GET https://firebase.googleapis.com/v1beta1/projects/ecomvortex-51c63 200
[debug] [2024-09-12T07:24:47.873Z] <<< [apiv2][body] GET https://firebase.googleapis.com/v1beta1/projects/ecomvortex-51c63 {"projectId":"ecomvortex-51c63","projectNumber":"574934280032","displayName":"ecomvortex","name":"projects/ecomvortex-51c63","resources":{"hostingSite":"ecomvortex-51c63","realtimeDatabaseInstance":"ecomvortex-51c63-default-rtdb"},"state":"ACTIVE","etag":"1_b42f47e5-2f07-40a5-b2df-2fb0a54bd6be"}
[info] 
[info] Your public directory is the folder (relative to your project directory) that
[info] will contain Hosting assets to be uploaded with firebase deploy. If you
[info] have a build process for your assets, use your build's output directory.
[info] 
[debug] [2024-09-12T07:26:25.777Z] >>> [apiv2][query] GET https://www.gstatic.com/firebasejs/releases.json [none]
[debug] [2024-09-12T07:26:25.950Z] <<< [apiv2][status] GET https://www.gstatic.com/firebasejs/releases.json 200
[debug] [2024-09-12T07:26:25.950Z] <<< [apiv2][body] GET https://www.gstatic.com/firebasejs/releases.json {"current":{"version":"10.13.1","browserURL":"https://www.gstatic.com/firebasejs/10.13.1/firebase.js","packageURL":"https://www.gstatic.com/firebasejs/10.13.1/firebase.tgz"},"live":{"version":"10.13","browserURL":"https://www.gstatic.com/firebasejs/live/10.13/firebase.js","packageURL":"https://www.gstatic.com/firebasejs/live/10.13/firebase.tgz"},"components":{"analytics":"https://www.gstatic.com/firebasejs/10.13.1/firebase-analytics.js","app":"https://www.gstatic.com/firebasejs/10.13.1/firebase-app.js","app-check":"https://www.gstatic.com/firebasejs/10.13.1/firebase-app-check.js","auth":"https://www.gstatic.com/firebasejs/10.13.1/firebase-auth.js","auth/cordova":"https://www.gstatic.com/firebasejs/10.13.1/firebase-auth/cordova.js","auth/web-extension":"https://www.gstatic.com/firebasejs/10.13.1/firebase-auth/web-extension.js","functions":"https://www.gstatic.com/firebasejs/10.13.1/firebase-functions.js","firestore":"https://www.gstatic.com/firebasejs/10.13.1/firebase-firestore.js","firestore/lite":"https://www.gstatic.com/firebasejs/10.13.1/firebase-firestore/lite.js","installations":"https://www.gstatic.com/firebasejs/10.13.1/firebase-installations.js","storage":"https://www.gstatic.com/firebasejs/10.13.1/firebase-storage.js","performance":"https://www.gstatic.com/firebasejs/10.13.1/firebase-performance.js","remote-config":"https://www.gstatic.com/firebasejs/10.13.1/firebase-remote-config.js","messaging":"https://www.gstatic.com/firebasejs/10.13.1/firebase-messaging.js","messaging/sw":"https://www.gstatic.com/firebasejs/10.13.1/firebase-messaging/sw.js","database":"https://www.gstatic.com/firebasejs/10.13.1/firebase-database.js","vertexai-preview":"https://www.gstatic.com/firebasejs/10.13.1/firebase-vertexai-preview.js","firestore.memory":"https://www.gstatic.com/firebasejs/10.13.1/firebase-firestore.memory.js"}}
[info] i  Skipping write of build/index.html 
[info] 
[info] i  Didn't detect a .git folder. Assuming D:\Projects\Working on Projects\shopping-time-main is the project root. 
[info] i  Authorizing with GitHub to upload your service account to a GitHub repository's secrets store. 
[info] 
[info] Visit this URL on this device to log in:
[info] https://github.com/login/oauth/authorize?client_id=89cf50f02ac6aaed3484&state=380807254&redirect_uri=http%3A%2F%2Flocalhost%3A9005&scope=read%3Auser%20repo%20public_repo
[info] 
[info] Waiting for authentication...
[debug] [2024-09-12T07:27:24.183Z] >>> [apiv2][query] POST https://github.com/login/oauth/access_token [none]
[debug] [2024-09-12T07:27:24.184Z] >>> [apiv2][body] POST https://github.com/login/oauth/access_token [stream]
[debug] [2024-09-12T07:27:24.774Z] <<< [apiv2][status] POST https://github.com/login/oauth/access_token 200
[debug] [2024-09-12T07:27:24.778Z] >>> [apiv2][query] GET https://api.github.com/user [none]
[debug] [2024-09-12T07:27:25.192Z] <<< [apiv2][status] GET https://api.github.com/user 200
[debug] [2024-09-12T07:27:25.192Z] <<< [apiv2][body] GET https://api.github.com/user {"login":"sanketrathod07","id":118626260,"node_id":"U_kgDOBxIX1A","avatar_url":"https://avatars.githubusercontent.com/u/118626260?v=4","gravatar_id":"","url":"https://api.github.com/users/sanketrathod07","html_url":"https://github.com/sanketrathod07","followers_url":"https://api.github.com/users/sanketrathod07/followers","following_url":"https://api.github.com/users/sanketrathod07/following{/other_user}","gists_url":"https://api.github.com/users/sanketrathod07/gists{/gist_id}","starred_url":"https://api.github.com/users/sanketrathod07/starred{/owner}{/repo}","subscriptions_url":"https://api.github.com/users/sanketrathod07/subscriptions","organizations_url":"https://api.github.com/users/sanketrathod07/orgs","repos_url":"https://api.github.com/users/sanketrathod07/repos","events_url":"https://api.github.com/users/sanketrathod07/events{/privacy}","received_events_url":"https://api.github.com/users/sanketrathod07/received_events","type":"User","site_admin":false,"name":"Sanket Rathod","company":null,"blog":"https://www.youtube.com/channel/UCQPPB77eBqOBBZmLv7DpY-Q","location":null,"email":null,"hireable":null,"bio":"Front-End Developer || 4 star in Python || Data Science || Java ","twitter_username":null,"notification_email":null,"public_repos":14,"public_gists":0,"followers":2,"following":0,"created_at":"2022-11-19T17:12:33Z","updated_at":"2024-09-01T12:52:08Z","private_gists":0,"total_private_repos":1,"owned_private_repos":1,"disk_usage":82007,"collaborators":0,"two_factor_authentication":false,"plan":{"name":"free","space":976562499,"collaborators":0,"private_repos":10000}}
[info] 
[info] +  Success! Logged into GitHub as sanketrathod07 
[info] 
